<?xml version="1.0" encoding="UTF-8"?>
<robot generator="Robot 7.1 (Python 3.9.13 on win32)" generated="2024-10-18T15:43:37.170334" rpa="false" schemaversion="5">
<suite id="s1" name="Suites">
<suite id="s1-s1" name="App Login" source="C:\Users\ArshadPKL\PycharmProjects\pythonProject1\TestCases\App_Login.robot">
<test id="s1-s1-t1" name="SearchTest" line="20">
<kw name="Open Browser" owner="SeleniumLibrary">
<msg time="2024-10-18T15:43:37.424172" level="INFO">Opening browser 'Chrome' to base url 'https://uat-my.flowsold.com/'.</msg>
<arg>${WEB_APP_URL}</arg>
<arg>${BROWSER}</arg>
<doc>Opens a new browser instance to the optional ``url``.</doc>
<status status="PASS" start="2024-10-18T15:43:37.424172" elapsed="4.377054"/>
</kw>
<kw name="Maximize Browser Window" owner="SeleniumLibrary">
<doc>Maximizes current browser window.</doc>
<status status="PASS" start="2024-10-18T15:43:41.802229" elapsed="0.090257"/>
</kw>
<kw name="Set Selenium Speed" owner="SeleniumLibrary">
<arg>1s</arg>
<doc>Sets the delay that is waited after each Selenium command.</doc>
<status status="PASS" start="2024-10-18T15:43:41.892486" elapsed="0.000998"/>
</kw>
<kw name="Wait Until Element Is Visible" owner="SeleniumLibrary">
<arg>${EMAIL_FIELD}</arg>
<doc>Waits until the element ``locator`` is visible.</doc>
<status status="PASS" start="2024-10-18T15:43:41.893484" elapsed="3.257259"/>
</kw>
<kw name="Input Text" owner="SeleniumLibrary">
<msg time="2024-10-18T15:43:45.150743" level="INFO">Typing text 'zach.bonham@tridius.co' into text field 'xpath://input[@id='email']'.</msg>
<arg>${EMAIL_FIELD}</arg>
<arg>zach.bonham@tridius.co</arg>
<doc>Types the given ``text`` into the text field identified by ``locator``.</doc>
<status status="PASS" start="2024-10-18T15:43:45.150743" elapsed="3.139871"/>
</kw>
<kw name="Input Password" owner="SeleniumLibrary">
<msg time="2024-10-18T15:43:48.290614" level="INFO">Typing password into text field 'xpath=//input[@id='password']'.</msg>
<msg time="2024-10-18T15:43:50.384946" level="INFO">Temporally setting log level to: NONE</msg>
<arg>${PASSWORD_FIELD}</arg>
<arg>Testlab!02</arg>
<doc>Types the given password into the text field identified by ``locator``.</doc>
<status status="PASS" start="2024-10-18T15:43:48.290614" elapsed="3.249059"/>
</kw>
<kw name="Click Button" owner="SeleniumLibrary">
<msg time="2024-10-18T15:43:51.539673" level="INFO">Clicking button 'xpath://button[text()='Sign in']'.</msg>
<arg>xpath://button[text()='Sign in']</arg>
<doc>Clicks the button identified by ``locator``.</doc>
<status status="PASS" start="2024-10-18T15:43:51.539673" elapsed="5.080990"/>
</kw>
<kw name="Wait Until Element Is Visible" owner="SeleniumLibrary">
<arg>xpath://a[normalize-space()='2']</arg>
<doc>Waits until the element ``locator`` is visible.</doc>
<status status="PASS" start="2024-10-18T15:43:56.620663" elapsed="3.417410"/>
</kw>
<kw name="Click Element" owner="SeleniumLibrary">
<msg time="2024-10-18T15:44:00.038073" level="INFO">Clicking element 'xpath://a[normalize-space()='2']'.</msg>
<arg>xpath://a[normalize-space()='2']</arg>
<doc>Click the element identified by ``locator``.</doc>
<status status="PASS" start="2024-10-18T15:44:00.038073" elapsed="2.084847"/>
</kw>
<kw name="Wait Until Element Is Visible" owner="SeleniumLibrary">
<arg>xpath://a[normalize-space()='4']</arg>
<doc>Waits until the element ``locator`` is visible.</doc>
<status status="PASS" start="2024-10-18T15:44:02.122920" elapsed="2.018570"/>
</kw>
<kw name="Click Element" owner="SeleniumLibrary">
<msg time="2024-10-18T15:44:04.141490" level="INFO">Clicking element 'xpath://a[normalize-space()='4']'.</msg>
<arg>xpath://a[normalize-space()='4']</arg>
<doc>Click the element identified by ``locator``.</doc>
<status status="PASS" start="2024-10-18T15:44:04.141490" elapsed="2.058681"/>
</kw>
<kw name="Click Element" owner="SeleniumLibrary">
<msg time="2024-10-18T15:44:06.200171" level="INFO">Clicking element 'xpath://li[@title='Next Page']//button[@type='button']'.</msg>
<arg>xpath://li[@title='Next Page']//button[@type='button']</arg>
<doc>Click the element identified by ``locator``.</doc>
<status status="PASS" start="2024-10-18T15:44:06.200171" elapsed="2.076660"/>
</kw>
<kw name="Click Element" owner="SeleniumLibrary">
<msg time="2024-10-18T15:44:08.276831" level="INFO">Clicking element 'xpath://li[@title='Previous Page']//button[@type='button']'.</msg>
<arg>xpath://li[@title='Previous Page']//button[@type='button']</arg>
<doc>Click the element identified by ``locator``.</doc>
<status status="PASS" start="2024-10-18T15:44:08.276831" elapsed="2.064544"/>
</kw>
<status status="PASS" start="2024-10-18T15:43:37.424172" elapsed="32.917203"/>
</test>
<status status="PASS" start="2024-10-18T15:43:37.217658" elapsed="33.123717"/>
</suite>
<status status="PASS" start="2024-10-18T15:43:37.195010" elapsed="33.146365"/>
</suite>
<statistics>
<total>
<stat pass="1" fail="0" skip="0">All Tests</stat>
</total>
<tag>
</tag>
<suite>
<stat pass="1" fail="0" skip="0" id="s1" name="Suites">Suites</stat>
<stat pass="1" fail="0" skip="0" id="s1-s1" name="App Login">Suites.App Login</stat>
</suite>
</statistics>
<errors>
</errors>
</robot>
